  Classes.cpp
c:\users\gazda\desktop\politechniczne studia\pk3\projektpk3\superdesignerwnetrz\superdesignerwnetrz\classes.cpp(19): warning C4244: '=': conversion from 'unsigned int' to 'T', possible loss of data
          with
          [
              T=float
          ]
c:\users\gazda\desktop\politechniczne studia\pk3\projektpk3\superdesignerwnetrz\superdesignerwnetrz\classes.cpp(20): warning C4244: '=': conversion from 'unsigned int' to 'T', possible loss of data
          with
          [
              T=float
          ]
c:\users\gazda\desktop\politechniczne studia\pk3\projektpk3\superdesignerwnetrz\superdesignerwnetrz\classes.cpp(27): warning C4244: '=': conversion from 'unsigned int' to 'T', possible loss of data
          with
          [
              T=float
          ]
c:\users\gazda\desktop\politechniczne studia\pk3\projektpk3\superdesignerwnetrz\superdesignerwnetrz\classes.cpp(28): warning C4244: '=': conversion from 'unsigned int' to 'T', possible loss of data
          with
          [
              T=float
          ]
c:\users\gazda\desktop\politechniczne studia\pk3\projektpk3\superdesignerwnetrz\superdesignerwnetrz\classes.cpp(42): warning C4244: 'argument': conversion from 'int' to 'float', possible loss of data
c:\users\gazda\desktop\politechniczne studia\pk3\projektpk3\superdesignerwnetrz\superdesignerwnetrz\classes.cpp(76): warning C4244: 'argument': conversion from 'unsigned int' to 'float', possible loss of data
c:\users\gazda\desktop\politechniczne studia\pk3\projektpk3\superdesignerwnetrz\superdesignerwnetrz\classes.cpp(107): warning C4244: '=': conversion from 'unsigned int' to 'T', possible loss of data
          with
          [
              T=float
          ]
c:\users\gazda\desktop\politechniczne studia\pk3\projektpk3\superdesignerwnetrz\superdesignerwnetrz\classes.cpp(108): warning C4244: '=': conversion from 'unsigned int' to 'T', possible loss of data
          with
          [
              T=float
          ]
c:\users\gazda\desktop\politechniczne studia\pk3\projektpk3\superdesignerwnetrz\superdesignerwnetrz\classes.cpp(140): warning C4244: '=': conversion from 'unsigned int' to 'T', possible loss of data
          with
          [
              T=float
          ]
c:\users\gazda\desktop\politechniczne studia\pk3\projektpk3\superdesignerwnetrz\superdesignerwnetrz\classes.cpp(141): warning C4244: '=': conversion from 'unsigned int' to 'T', possible loss of data
          with
          [
              T=float
          ]
c:\users\gazda\desktop\politechniczne studia\pk3\projektpk3\superdesignerwnetrz\superdesignerwnetrz\classes.cpp(143): warning C4244: 'argument': conversion from 'unsigned int' to 'float', possible loss of data
c:\users\gazda\desktop\politechniczne studia\pk3\projektpk3\superdesignerwnetrz\superdesignerwnetrz\classes.cpp(225): warning C4018: '<': signed/unsigned mismatch
c:\users\gazda\desktop\politechniczne studia\pk3\projektpk3\superdesignerwnetrz\superdesignerwnetrz\classes.cpp(277): warning C4244: 'argument': conversion from 'T' to 'unsigned int', possible loss of data
          with
          [
              T=float
          ]
c:\users\gazda\desktop\politechniczne studia\pk3\projektpk3\superdesignerwnetrz\superdesignerwnetrz\classes.cpp(282): warning C4244: 'argument': conversion from 'T' to 'unsigned int', possible loss of data
          with
          [
              T=float
          ]
c:\users\gazda\desktop\politechniczne studia\pk3\projektpk3\superdesignerwnetrz\superdesignerwnetrz\classes.cpp(288): warning C4018: '<': signed/unsigned mismatch
  Main.cpp
  Generating Code...
c:\users\gazda\desktop\politechniczne studia\pk3\projektpk3\superdesignerwnetrz\superdesignerwnetrz\classes.cpp(242): warning C4715: 'UI::getList': not all control paths return a value
  SuperDesignerWnetrz.vcxproj -> C:\Users\gazda\Desktop\Politechniczne studia\PK3\ProjektPK3\SuperDesignerWnetrz\Debug\SuperDesignerWnetrz.exe
